<?xml version="1.0" encoding="UTF-8"?>
<!-- Generated by org.testng.reporters.JUnitReportReporter -->
<testsuite hostname="LAPTOP-LCLJAJ2G" failures="0" tests="1" name="scripts.TestCase1" time="0.010" errors="0" timestamp="2022-12-29T12:40:00 IST" skipped="0">
  <testcase classname="scripts.TestCase1" name="test" time="0.010"/>
  <system-out>
    <![CDATA[python]]>
  </system-out>
</testsuite> <!-- scripts.TestCase1 -->
